class-Design Thinking for Innovative Problem Solving #1-2026-01-02-60-athiraasurendran@gmail.com
class-Design Thinking for Innovative Problem Solving #1-2026-01-02-60-keerthypsanthosh@gmail.com
class-Design Thinking for Innovative Problem Solving #1-2026-01-02-60-ksanthoshkumar9847@gmail.com
class-Design Thinking for Innovative Problem Solving #1-2026-01-02-60-navamib2023@gmail.com
class-Design Thinking for Innovative Problem Solving #1-2026-01-02-60-shan@gmail.com
class-Design Thinking for Innovative Problem Solving #1-2026-01-02-60-shilpamurukan00@gmail.com
class-Design Thinking for Innovative Problem Solving #1-2026-01-02-60-sinu@example.com
class-Design Thinking for Innovative Problem Solving #1-2026-01-02-60-sreyavenugopal96@gmail.com
class-Design Thinking for Innovative Problem Solving #2-2026-01-02-60-athiraasurendran@gmail.com
class-Design Thinking for Innovative Problem Solving #2-2026-01-02-60-keerthypsanthosh@gmail.com
class-Design Thinking for Innovative Problem Solving #2-2026-01-02-60-ksanthoshkumar9847@gmail.com
class-Design Thinking for Innovative Problem Solving #2-2026-01-02-60-navamib2023@gmail.com
class-Design Thinking for Innovative Problem Solving #2-2026-01-02-60-shan@gmail.com
class-Design Thinking for Innovative Problem Solving #2-2026-01-02-60-shilpamurukan00@gmail.com
class-Design Thinking for Innovative Problem Solving #2-2026-01-02-60-sinu@example.com
class-Design Thinking for Innovative Problem Solving #2-2026-01-02-60-sreyavenugopal96@gmail.com
class-IT Foundations - Google Productivity AI and Platform Orientation-2026-01-02-30-athiraasurendran@gmail.com
class-IT Foundations - Google Productivity AI and Platform Orientation-2026-01-02-30-keerthypsanthosh@gmail.com
class-IT Foundations - Google Productivity AI and Platform Orientation-2026-01-02-30-ksanthoshkumar9847@gmail.com
class-IT Foundations - Google Productivity AI and Platform Orientation-2026-01-02-30-navamib2023@gmail.com
class-IT Foundations - Google Productivity AI and Platform Orientation-2026-01-02-30-shan@gmail.com
class-IT Foundations - Google Productivity AI and Platform Orientation-2026-01-02-30-shilpamurukan00@gmail.com
class-IT Foundations - Google Productivity AI and Platform Orientation-2026-01-02-30-sinu@example.com
class-IT Foundations - Google Productivity AI and Platform Orientation-2026-01-02-30-sreyavenugopal96@gmail.com
class-Orientation & Life Skills: Know Yourself, Ice Breakers-2026-01-02-2-athiraasurendran@gmail.com
class-Orientation & Life Skills: Know Yourself, Ice Breakers-2026-01-02-2-keerthypsanthosh@gmail.com
class-Orientation & Life Skills: Know Yourself, Ice Breakers-2026-01-02-2-ksanthoshkumar9847@gmail.com
class-Orientation & Life Skills: Know Yourself, Ice Breakers-2026-01-02-2-navamib2023@gmail.com
class-Orientation & Life Skills: Know Yourself, Ice Breakers-2026-01-02-2-shan@gmail.com
class-Orientation & Life Skills: Know Yourself, Ice Breakers-2026-01-02-2-shilpamurukan00@gmail.com
class-Orientation & Life Skills: Know Yourself, Ice Breakers-2026-01-02-2-sinu@example.com
class-Orientation & Life Skills: Know Yourself, Ice Breakers-2026-01-02-2-sreyavenugopal96@gmail.com
