assign-SQL - Case Study-60
assign-Statistics - Case Study-60
class-2-Demystifying Terms: Data Science, Machine Learning, Artificial Intelligence-2026-01-02-1455484426023604378
class-2-Design Thinking for Innovative Problem Solving #1-2025-12-30
class-2-Design Thinking for Innovative Problem Solving #1-2025-12-31
class-2-Design Thinking for Innovative Problem Solving #1-2026-01-01
class-2-Design Thinking for Innovative Problem Solving #2-2025-12-25
class-2-Design Thinking for Innovative Problem Solving #2-2026-01-01
class-2-IT Foundations - Google Productivity AI and Platform Orientation-2025-12-25
class-2-IT Foundations - Google Productivity AI and Platform Orientation-2025-12-30
class-2-IT Foundations - Google Productivity AI and Platform Orientation-2025-12-31
class-2-IT Foundations - Google Productivity AI and Platform Orientation-2026-01-01
class-2-Orientation & Life Skills: Know Yourself, Ice Breakers-2025-12-23
class-2-Orientation & Life Skills: Know Yourself, Ice Breakers-2025-12-25
class-2-Orientation & Life Skills: Know Yourself, Ice Breakers-2025-12-30
class-2-Orientation & Life Skills: Know Yourself, Ice Breakers-2025-12-31
class-2-Orientation & Life Skills: Know Yourself, Ice Breakers-2026-01-01
class-2-Orientation & Life Skills: Know Yourself, Ice Breakers-2026-01-02-1455484426023604378
class-2-Orientation & Life Skills: Know Yourself, Ice Breakers-2026-01-02-1455484636061765702
class-2-Orientation & Life Skills: Know Yourself, Ice Breakers-2026-01-02-1455484799622975572
class-2-Orientation & Life Skills: Know Yourself, Ice Breakers-2026-01-02-1456165322544644220
class-2-Software Engineering Fundamentals & Tools-2026-01-02-1455484426023604378
class-2-Software Engineering Fundamentals & Tools-2026-01-02-1455484636061765702
class-2-Software Engineering Fundamentals & Tools-2026-01-02-1455484799622975572
class-2-Software Engineering Fundamentals & Tools-2026-01-02-1456165322544644220
class-30-Demystifying Terms: Data Science, Machine Learning, Artificial Intelligence-2026-01-02-1455484426023604378
class-30-Design Thinking for Innovative Problem Solving #1-2025-12-25
class-30-Design Thinking for Innovative Problem Solving #1-2025-12-30
class-30-Design Thinking for Innovative Problem Solving #1-2025-12-31
class-30-Design Thinking for Innovative Problem Solving #1-2026-01-01
class-30-Design Thinking for Innovative Problem Solving #2-2025-12-25
class-30-Design Thinking for Innovative Problem Solving #2-2026-01-01
class-30-IT Foundations - Google Productivity AI and Platform Orientation-2025-12-25
class-30-IT Foundations - Google Productivity AI and Platform Orientation-2025-12-30
class-30-IT Foundations - Google Productivity AI and Platform Orientation-2025-12-31
class-30-IT Foundations - Google Productivity AI and Platform Orientation-2026-01-01
class-30-IT Foundations - Google Productivity AI and Platform Orientation-2026-01-02-1455484426023604378
class-30-IT Foundations - Google Productivity AI and Platform Orientation-2026-01-02-1455484636061765702
class-30-IT Foundations - Google Productivity AI and Platform Orientation-2026-01-02-1455484799622975572
class-30-IT Foundations - Google Productivity AI and Platform Orientation-2026-01-02-1456165322544644220
class-30-Orientation & Life Skills: Know Yourself, Ice Breakers-2025-12-23
class-30-Orientation & Life Skills: Know Yourself, Ice Breakers-2025-12-25
class-30-Orientation & Life Skills: Know Yourself, Ice Breakers-2025-12-30
class-30-Orientation & Life Skills: Know Yourself, Ice Breakers-2025-12-31
class-30-Orientation & Life Skills: Know Yourself, Ice Breakers-2026-01-02
class-30-Orientation & Life Skills: Know Yourself, Ice Breakers-2026-01-02-1455484426023604378
class-30-Orientation & Life Skills: Know Yourself, Ice Breakers-2026-01-02-1455484636061765702
class-30-Orientation & Life Skills: Know Yourself, Ice Breakers-2026-01-02-1455484799622975572
class-30-Orientation & Life Skills: Know Yourself, Ice Breakers-2026-01-02-1456165322544644220
class-30-Software Engineering Fundamentals & Tools-2026-01-02-1455484426023604378
class-30-Software Engineering Fundamentals & Tools-2026-01-02-1455484636061765702
class-30-Software Engineering Fundamentals & Tools-2026-01-02-1455484799622975572
class-30-Software Engineering Fundamentals & Tools-2026-01-02-1456165322544644220
class-60-Design Thinking for Innovative Problem Solving #1-2025-12-25
class-60-Design Thinking for Innovative Problem Solving #1-2025-12-30
class-60-Design Thinking for Innovative Problem Solving #1-2025-12-31
class-60-Design Thinking for Innovative Problem Solving #1-2026-01-01
class-60-Design Thinking for Innovative Problem Solving #1-2026-01-02
class-60-Design Thinking for Innovative Problem Solving #1-2026-01-02-1455484426023604378
class-60-Design Thinking for Innovative Problem Solving #1-2026-01-02-1455484636061765702
class-60-Design Thinking for Innovative Problem Solving #1-2026-01-02-1455484799622975572
class-60-Design Thinking for Innovative Problem Solving #1-2026-01-02-1456165322544644220
class-60-Design Thinking for Innovative Problem Solving #2-2026-01-01
class-60-Design Thinking for Innovative Problem Solving #2-2026-01-02-1455484426023604378
class-60-Design Thinking for Innovative Problem Solving #2-2026-01-02-1455484636061765702
class-60-Design Thinking for Innovative Problem Solving #2-2026-01-02-1455484799622975572
class-60-Design Thinking for Innovative Problem Solving #2-2026-01-02-1456165322544644220
class-60-IT Foundations - Google Productivity AI and Platform Orientation-2025-12-25
class-60-IT Foundations - Google Productivity AI and Platform Orientation-2025-12-30
class-60-IT Foundations - Google Productivity AI and Platform Orientation-2025-12-31
class-60-IT Foundations - Google Productivity AI and Platform Orientation-2026-01-02
class-60-Orientation & Life Skills: Know Yourself, Ice Breakers-2025-12-23
class-60-Orientation & Life Skills: Know Yourself, Ice Breakers-2025-12-31
